<?xml version="1.0" encoding="UTF-8"?>
<!-- Generated by org.testng.reporters.JUnitXMLReporter -->
<testsuite ignored="0" hostname="MATRIX" failures="0" tests="4" name="Test" time="93.758" errors="0" timestamp="2020-11-21T15:44:56 EET">
  <testcase classname="testcases.FirstTest" name="FirstTestCase" time="14.277"/>
  <testcase classname="testcases.SecondTest" name="SecondTestCase" time="19.975"/>
  <testcase classname="testcases.ThirdTest" name="ThirdTestCase" time="13.321"/>
  <testcase classname="testcases.ApiTesting" name="TestAPI" time="23.616"/>
</testsuite> <!-- Test -->
