<?xml version="1.0" encoding="UTF-8"?>
<testng-results ignored="0" total="4" passed="4" failed="0" skipped="0">
  <reporter-output>
  </reporter-output>
  <suite started-at="2020-11-21T15:43:20 EET" name="Terkwaz Project" finished-at="2020-11-21T15:44:54 EET" duration-ms="93758">
    <groups>
    </groups>
    <test started-at="2020-11-21T15:43:20 EET" name="Test" finished-at="2020-11-21T15:44:54 EET" duration-ms="93758">
      <class name="testcases.ThirdTest">
        <test-method is-config="true" signature="startDriver()[pri:0, instance:testcases.ThirdTest@4a00d9cf]" started-at="2020-11-21T15:44:13 EET" name="startDriver" finished-at="2020-11-21T15:44:16 EET" duration-ms="3187" status="PASS">
          <reporter-output>
          </reporter-output>
        </test-method> <!-- startDriver -->
        <test-method signature="ThirdTestCase()[pri:0, instance:testcases.ThirdTest@4a00d9cf]" started-at="2020-11-21T15:44:16 EET" name="ThirdTestCase" finished-at="2020-11-21T15:44:29 EET" duration-ms="13321" status="PASS">
          <reporter-output>
          </reporter-output>
        </test-method> <!-- ThirdTestCase -->
        <test-method is-config="true" signature="screenShotOnFailure(org.testng.ITestResult)[pri:0, instance:testcases.ThirdTest@4a00d9cf]" started-at="2020-11-21T15:44:29 EET" name="screenShotOnFailure" finished-at="2020-11-21T15:44:29 EET" duration-ms="1" status="PASS">
          <params>
            <param index="0">
              <value>
                <![CDATA[[TestResult name=ThirdTestCase status=SUCCESS method=ThirdTest.ThirdTestCase()[pri:0, instance:testcases.ThirdTest@4a00d9cf] output={null}]]]>
              </value>
            </param>
          </params>
          <reporter-output>
          </reporter-output>
        </test-method> <!-- screenShotOnFailure -->
        <test-method is-config="true" signature="closeDriver()[pri:0, instance:testcases.ThirdTest@4a00d9cf]" started-at="2020-11-21T15:44:29 EET" name="closeDriver" finished-at="2020-11-21T15:44:30 EET" duration-ms="730" status="PASS">
          <reporter-output>
          </reporter-output>
        </test-method> <!-- closeDriver -->
      </class> <!-- testcases.ThirdTest -->
      <class name="testcases.ApiTesting">
        <test-method signature="TestAPI()[pri:0, instance:testcases.ApiTesting@6736fa8d]" started-at="2020-11-21T15:44:30 EET" name="TestAPI" finished-at="2020-11-21T15:44:54 EET" duration-ms="23616" status="PASS">
          <reporter-output>
          </reporter-output>
        </test-method> <!-- TestAPI -->
      </class> <!-- testcases.ApiTesting -->
      <class name="testcases.FirstTest">
        <test-method is-config="true" signature="startDriver()[pri:0, instance:testcases.FirstTest@589da3f3]" started-at="2020-11-21T15:43:20 EET" name="startDriver" finished-at="2020-11-21T15:43:33 EET" duration-ms="13409" status="PASS">
          <reporter-output>
          </reporter-output>
        </test-method> <!-- startDriver -->
        <test-method signature="FirstTestCase()[pri:0, instance:testcases.FirstTest@589da3f3]" started-at="2020-11-21T15:43:33 EET" name="FirstTestCase" finished-at="2020-11-21T15:43:48 EET" duration-ms="14277" status="PASS">
          <reporter-output>
          </reporter-output>
        </test-method> <!-- FirstTestCase -->
        <test-method is-config="true" signature="screenShotOnFailure(org.testng.ITestResult)[pri:0, instance:testcases.FirstTest@589da3f3]" started-at="2020-11-21T15:43:48 EET" name="screenShotOnFailure" finished-at="2020-11-21T15:43:48 EET" duration-ms="5" status="PASS">
          <params>
            <param index="0">
              <value>
                <![CDATA[[TestResult name=FirstTestCase status=SUCCESS method=FirstTest.FirstTestCase()[pri:0, instance:testcases.FirstTest@589da3f3] output={null}]]]>
              </value>
            </param>
          </params>
          <reporter-output>
          </reporter-output>
        </test-method> <!-- screenShotOnFailure -->
        <test-method is-config="true" signature="closeDriver()[pri:0, instance:testcases.FirstTest@589da3f3]" started-at="2020-11-21T15:43:48 EET" name="closeDriver" finished-at="2020-11-21T15:43:49 EET" duration-ms="1018" status="PASS">
          <reporter-output>
          </reporter-output>
        </test-method> <!-- closeDriver -->
      </class> <!-- testcases.FirstTest -->
      <class name="testcases.SecondTest">
        <test-method is-config="true" signature="startDriver()[pri:0, instance:testcases.SecondTest@39d76cb5]" started-at="2020-11-21T15:43:49 EET" name="startDriver" finished-at="2020-11-21T15:43:52 EET" duration-ms="3310" status="PASS">
          <reporter-output>
          </reporter-output>
        </test-method> <!-- startDriver -->
        <test-method signature="SecondTestCase()[pri:0, instance:testcases.SecondTest@39d76cb5]" started-at="2020-11-21T15:43:52 EET" name="SecondTestCase" finished-at="2020-11-21T15:44:12 EET" duration-ms="19975" status="PASS">
          <reporter-output>
          </reporter-output>
        </test-method> <!-- SecondTestCase -->
        <test-method is-config="true" signature="screenShotOnFailure(org.testng.ITestResult)[pri:0, instance:testcases.SecondTest@39d76cb5]" started-at="2020-11-21T15:44:12 EET" name="screenShotOnFailure" finished-at="2020-11-21T15:44:12 EET" duration-ms="2" status="PASS">
          <params>
            <param index="0">
              <value>
                <![CDATA[[TestResult name=SecondTestCase status=SUCCESS method=SecondTest.SecondTestCase()[pri:0, instance:testcases.SecondTest@39d76cb5] output={null}]]]>
              </value>
            </param>
          </params>
          <reporter-output>
          </reporter-output>
        </test-method> <!-- screenShotOnFailure -->
        <test-method is-config="true" signature="closeDriver()[pri:0, instance:testcases.SecondTest@39d76cb5]" started-at="2020-11-21T15:44:12 EET" name="closeDriver" finished-at="2020-11-21T15:44:13 EET" duration-ms="662" status="PASS">
          <reporter-output>
          </reporter-output>
        </test-method> <!-- closeDriver -->
      </class> <!-- testcases.SecondTest -->
    </test> <!-- Test -->
  </suite> <!-- Terkwaz Project -->
</testng-results>
